2020-12-17 17:18:38;UG\hd.cbenner;CreateApp button clicked, start app creation flow - appname Firefox stoffetest99 18.5.0
2020-12-17 17:18:39;UG\hd.cbenner;Running Main, initializing
2020-12-17 17:18:39;UG\hd.cbenner;Initializing succeeded, now create app
2020-12-17 17:18:39;UG\hd.cbenner;Creating application [Firefox stoffetest99 18.5.0].
2020-12-17 17:18:39;UG\hd.cbenner;Creating Script DeploymentType.
2020-12-17 17:18:39;UG\hd.cbenner;Store app..
2020-12-17 17:18:39;UG\hd.cbenner;Initializing the SMS_Application object with the model.
2020-12-17 17:18:43;UG\hd.cbenner;CreateApp button clicked, start app creation flow - appname Firefox stoffetest99 18.5.0
2020-12-17 17:18:44;UG\hd.cbenner;Running Main, initializing
2020-12-17 17:18:44;UG\hd.cbenner;Initializing succeeded, now create app
2020-12-17 17:18:44;UG\hd.cbenner;Creating application [Firefox stoffetest99 18.5.0].
2020-12-17 17:18:44;UG\hd.cbenner;Creating Script DeploymentType.
2020-12-17 17:18:44;UG\hd.cbenner;Store app..
2020-12-17 17:18:44;UG\hd.cbenner;Initializing the SMS_Application object with the model.
2020-12-17 17:21:04;UG\hd.cbenner;CreateApp button clicked, start app creation flow - appname Firefox uihiuhiuh 18.5.0
2020-12-17 17:21:05;UG\hd.cbenner;Running Main, initializing
2020-12-17 17:21:05;UG\hd.cbenner;Initializing succeeded, now create app
2020-12-17 17:21:05;UG\hd.cbenner;Creating application [Firefox uihiuhiuh 18.5.0].
2020-12-17 17:21:05;UG\hd.cbenner;Creating Script DeploymentType.
2020-12-17 17:21:05;UG\hd.cbenner;Store app..
2020-12-17 17:21:05;UG\hd.cbenner;Initializing the SMS_Application object with the model.
2020-12-17 17:24:09;UG\hd.cbenner;CreateApp button clicked, start app creation flow - appname Firefox opkpok 18.5.0
2020-12-17 17:24:10;UG\hd.cbenner;Running Main, initializing
2020-12-17 17:24:10;UG\hd.cbenner;Initializing succeeded, now create app
2020-12-17 17:24:10;UG\hd.cbenner;Creating application [Firefox opkpok 18.5.0].
2020-12-17 17:24:10;UG\hd.cbenner;Creating Script DeploymentType.
2020-12-17 17:24:10;UG\hd.cbenner;Store app..
2020-12-17 17:24:10;UG\hd.cbenner;Initializing the SMS_Application object with the model.
2020-12-17 17:25:27;UG\hd.cbenner;CreateApp button clicked, start app creation flow - appname Firefox pppoooo 18.5.0
2020-12-17 17:25:28;UG\hd.cbenner;Running Main, initializing
2020-12-17 17:25:28;UG\hd.cbenner;Initializing succeeded, now create app
2020-12-17 17:25:28;UG\hd.cbenner;Creating application [Firefox pppoooo 18.5.0].
2020-12-17 17:25:28;UG\hd.cbenner;Creating Script DeploymentType.
2020-12-17 17:25:28;UG\hd.cbenner;Store app..
2020-12-17 17:25:28;UG\hd.cbenner;Initializing the SMS_Application object with the model.
2020-12-17 17:25:28;UG\hd.cbenner;Saving application, Title: [Firefox pppoooo 18.5.0], Scope: [ScopeId_0DC48C23-3351-443C-BA81-6FD2FE53A9B4].
2020-12-17 17:25:29;UG\hd.cbenner;Successfully saved application.
2020-12-17 17:25:30;UG\hd.cbenner;Successfully moved application to folder: CMAppCreator
2020-12-17 17:25:31;UG\hd.cbenner;Successfully added security scopeid: KTH00005
2020-12-17 17:25:31;UG\hd.cbenner;Successfully removed security scopeid: SMS00UNA
2020-12-17 17:29:58;UG\hd.cbenner;CreateApp button clicked, start app creation flow - appname Firefox ijojoioij 18.5.0
2020-12-17 17:29:59;UG\hd.cbenner;Running Main, initializing
2020-12-17 17:29:59;UG\hd.cbenner;Initializing succeeded, now create app
2020-12-17 17:29:59;UG\hd.cbenner;Creating application [Firefox ijojoioij 18.5.0].
2020-12-17 17:29:59;UG\hd.cbenner;Creating Script DeploymentType.
2020-12-17 17:30:00;UG\hd.cbenner;Store app..
2020-12-17 17:30:00;UG\hd.cbenner;Initializing the SMS_Application object with the model.
2020-12-17 17:53:25;UG\hd.cbenner;CreateApp button clicked, start app creation flow - appname Firefox kopkkkkkk 18.5.0
2020-12-17 17:53:26;UG\hd.cbenner;Running Main, initializing
2020-12-17 17:53:26;UG\hd.cbenner;Initializing succeeded, now create app
2020-12-17 17:53:26;UG\hd.cbenner;Creating application [Firefox kopkkkkkk 18.5.0].
2020-12-17 17:53:26;UG\hd.cbenner;Creating Script DeploymentType.
2020-12-17 17:53:26;UG\hd.cbenner;Store app..
2020-12-17 17:53:26;UG\hd.cbenner;Initializing the SMS_Application object with the model.
2020-12-17 17:55:34;UG\hd.cbenner;CreateApp button clicked, start app creation flow - appname Firefoxxxx 18.5.0
2020-12-17 17:55:35;UG\hd.cbenner;Running Main, initializing
2020-12-17 17:55:36;UG\hd.cbenner;Initializing succeeded, now create app
2020-12-17 17:55:36;UG\hd.cbenner;Creating application [Firefoxxxx 18.5.0].
2020-12-17 17:55:36;UG\hd.cbenner;Creating Script DeploymentType.
2020-12-17 17:55:36;UG\hd.cbenner;Store app..
2020-12-17 17:55:36;UG\hd.cbenner;Initializing the SMS_Application object with the model.
2020-12-18 09:17:59;UG\hd.cbenner;CreateApp button clicked, start app creation flow - appname Firefox jijijijij 18.5.0
2020-12-18 09:18:01;UG\hd.cbenner;Running Main, initializing
2020-12-18 09:18:01;UG\hd.cbenner;Initializing succeeded, now create app
2020-12-18 09:18:01;UG\hd.cbenner;Creating application [Firefox jijijijij 18.5.0].
2020-12-18 09:18:01;UG\hd.cbenner;Creating Script DeploymentType.
2020-12-18 09:18:01;UG\hd.cbenner;Store app..
2020-12-18 09:18:01;UG\hd.cbenner;Initializing the SMS_Application object with the model.
2020-12-18 09:18:01;UG\hd.cbenner;ERROR saving application [Invalid property: object Application(ScopeId_0DC48C23-3351-443C-BA81-6FD2FE53A9B4:Application_b1d32407-1f70-419e-abd4-25112de245bf:1) property DeploymentTypes.DeploymentTypes[0].Languages: List contains invalid languages: en-us].
2020-12-18 09:30:52;UG\hd.cbenner;CreateApp button clicked, start app creation flow - appname Firefox stoffetest99 18.5.0
2020-12-18 09:30:53;UG\hd.cbenner;Running Main, initializing
2020-12-18 09:30:53;UG\hd.cbenner;Initializing succeeded, now create app
2020-12-18 09:30:53;UG\hd.cbenner;Creating application [Firefox stoffetest99 18.5.0].
2020-12-18 09:30:53;UG\hd.cbenner;Creating Script DeploymentType.
2020-12-18 09:30:53;UG\hd.cbenner;Store app..
2020-12-18 09:30:53;UG\hd.cbenner;Initializing the SMS_Application object with the model.
2020-12-18 09:30:53;UG\hd.cbenner;Saving application, Title: [Firefox stoffetest99 18.5.0], Scope: [ScopeId_0DC48C23-3351-443C-BA81-6FD2FE53A9B4].
2020-12-18 09:31:02;UG\hd.cbenner;Successfully saved application.
2020-12-18 09:31:03;UG\hd.cbenner;Successfully moved application to folder: CMAppCreator
2020-12-18 09:31:03;UG\hd.cbenner;Successfully added security scopeid: KTH00005
2020-12-18 09:31:04;UG\hd.cbenner;Successfully removed security scopeid: SMS00UNA
2020-12-18 10:14:59;UG\hd.cbenner;CreateApp button clicked, start app creation flow - appname Firefox teststoffe 18.5.0
2020-12-18 10:15:00;UG\hd.cbenner;Running Main, initializing
2020-12-18 10:15:00;UG\hd.cbenner;Initializing succeeded, now create app
2020-12-18 10:15:00;UG\hd.cbenner;Creating application [Firefox teststoffe 18.5.0].
2020-12-18 10:15:00;UG\hd.cbenner;Creating Script DeploymentType.
2020-12-18 10:15:00;UG\hd.cbenner;Store app..
2020-12-18 10:15:00;UG\hd.cbenner;Initializing the SMS_Application object with the model.
2020-12-18 10:15:00;UG\hd.cbenner;Saving application, Title: [Firefox teststoffe 18.5.0], Scope: [ScopeId_0DC48C23-3351-443C-BA81-6FD2FE53A9B4].
2020-12-18 10:15:01;UG\hd.cbenner;Successfully saved application.
2020-12-18 10:15:03;UG\hd.cbenner;Successfully added administrative categories
2020-12-18 10:15:03;UG\hd.cbenner;Successfully moved application to folder: CMAppCreator
2020-12-18 10:15:03;UG\hd.cbenner;Successfully added security scopeid: KTH00005
2020-12-18 10:15:04;UG\hd.cbenner;Successfully removed security scopeid: SMS00UNA
2020-12-18 13:25:12;UG\hd.cbenner;CreateApp button clicked, start app creation flow - appname Firefox stoffetesttt 18.5.0
2020-12-18 13:25:13;UG\hd.cbenner;Running Main, initializing
2020-12-18 13:25:13;UG\hd.cbenner;Initializing succeeded, now create app
2020-12-18 13:25:13;UG\hd.cbenner;Creating application [Firefox stoffetesttt 18.5.0].
2020-12-18 13:25:13;UG\hd.cbenner;Creating Script DeploymentType.
2020-12-18 13:25:13;UG\hd.cbenner;Store app..
2020-12-18 13:25:13;UG\hd.cbenner;Initializing the SMS_Application object with the model.
2020-12-18 13:25:14;UG\hd.cbenner;Saving application, Title: [Firefox stoffetesttt 18.5.0], Scope: [ScopeId_0DC48C23-3351-443C-BA81-6FD2FE53A9B4].
2020-12-18 13:25:15;UG\hd.cbenner;Successfully saved application.
2020-12-18 13:25:16;UG\hd.cbenner;Successfully added administrative categories
2020-12-18 13:25:18;UG\hd.cbenner;Successfully distributed application to DP Group: DP Group
2020-12-18 13:25:19;UG\hd.cbenner;Successfully deployed application to collection: Test - CBENNER Users
2020-12-18 13:25:19;UG\hd.cbenner;Successfully moved application to folder: CMAppCreator
2020-12-18 13:25:19;UG\hd.cbenner;Successfully added security scopeid: KTH00005
2020-12-18 13:25:20;UG\hd.cbenner;Successfully removed security scopeid: SMS00UNA
